2022-03-17 20:02:56.350+0000 INFO  {plugin-com.neo4j.plugin.jwt.auth.JwtAuthPlugin} jwt.auth.private_key=certificates/security.key.pem
2022-03-17 20:03:02.971+0000 INFO  Initializing system graph model for component 'security-users' with version -1 and status UNINITIALIZED
2022-03-17 20:03:03.044+0000 INFO  Setting up initial user from `auth.ini` file: neo4j
2022-03-17 20:03:03.045+0000 INFO  Creating new user 'neo4j' (passwordChangeRequired=false, suspended=false)
2022-03-17 20:03:03.125+0000 INFO  Setting version for 'security-users' to 3
2022-03-17 20:03:03.138+0000 INFO  After initialization of system graph model component 'security-users' have version 3 and status CURRENT
2022-03-17 20:03:03.149+0000 INFO  Performing postInitialization step for component 'security-users' with version 3 and status CURRENT
2022-03-17 20:03:03.344+0000 INFO  Initializing system graph model for component 'security-privileges' with version -1 and status UNINITIALIZED
2022-03-17 20:03:03.356+0000 INFO  Initializing security model with 6 roles
2022-03-17 20:03:03.513+0000 INFO  Setting version for 'security-privileges' to 4
2022-03-17 20:03:03.523+0000 INFO  Upgrading 'security-privileges' version property from 4 to 5
2022-03-17 20:03:03.533+0000 INFO  Upgrading 'security-privileges' version property from 5 to 6
2022-03-17 20:03:03.547+0000 INFO  Upgrading 'security-privileges' version property from 6 to 7
2022-03-17 20:03:03.548+0000 INFO  Upgrading 'security-privileges' version property from 7 to 8
2022-03-17 20:03:03.548+0000 INFO  Upgrading 'security-privileges' version property from 8 to 9
2022-03-17 20:03:03.558+0000 INFO  Upgrading 'security-privileges' version property from 9 to 10
2022-03-17 20:03:03.558+0000 INFO  Upgrading 'security-privileges' version property from 10 to 11
2022-03-17 20:03:03.559+0000 INFO  Upgrading 'security-privileges' version property from 11 to 12
2022-03-17 20:03:03.579+0000 INFO  Assigned admin role to user 'neo4j'.
2022-03-17 20:03:03.596+0000 INFO  After initialization of system graph model component 'security-privileges' have version 12 and status CURRENT
2022-03-17 20:03:07.085+0000 INFO  {plugin-com.neo4j.plugin.jwt.auth.JwtAuthPlugin} Log in attempted for user 'neo4j'.
2022-03-17 20:03:07.085+0000 ERROR {plugin-com.neo4j.plugin.jwt.auth.JwtAuthPlugin} Invalid serialized unsecured/JWS/JWE object: Missing part delimiters
2022-03-17 20:03:07.094+0000 INFO  [neo4j]: logged in
2022-03-17 20:03:11.029+0000 INFO  {plugin-com.neo4j.plugin.jwt.auth.JwtAuthPlugin} Log in attempted for user 'neo4j'.
2022-03-17 20:03:11.029+0000 ERROR {plugin-com.neo4j.plugin.jwt.auth.JwtAuthPlugin} Invalid serialized unsecured/JWS/JWE object: Missing part delimiters
2022-03-17 20:03:11.030+0000 INFO  [neo4j]: logged in
2022-03-17 20:03:13.975+0000 INFO  {plugin-com.neo4j.plugin.jwt.auth.JwtAuthPlugin} Log in attempted for user 'neo4j'.
2022-03-17 20:03:13.975+0000 ERROR {plugin-com.neo4j.plugin.jwt.auth.JwtAuthPlugin} Invalid serialized unsecured/JWS/JWE object: Missing part delimiters
2022-03-17 20:03:13.978+0000 INFO  [neo4j]: logged in
2022-03-17 20:03:14.897+0000 INFO  {plugin-com.neo4j.plugin.jwt.auth.JwtAuthPlugin} Log in attempted for user 'neo4j'.
2022-03-17 20:03:14.898+0000 ERROR {plugin-com.neo4j.plugin.jwt.auth.JwtAuthPlugin} Invalid serialized unsecured/JWS/JWE object: Missing part delimiters
2022-03-17 20:03:14.898+0000 INFO  [neo4j]: logged in
2022-03-17 20:04:36.168+0000 INFO  {plugin-com.neo4j.plugin.jwt.auth.JwtAuthPlugin} Log in attempted for user 'neo4j'.
2022-03-17 20:04:36.169+0000 ERROR {plugin-com.neo4j.plugin.jwt.auth.JwtAuthPlugin} Invalid serialized unsecured/JWS/JWE object: Missing part delimiters
2022-03-17 20:04:36.170+0000 INFO  [neo4j]: logged in
2022-03-17 20:04:37.627+0000 INFO  {plugin-com.neo4j.plugin.jwt.auth.JwtAuthPlugin} Log in attempted for user 'neo4j'.
2022-03-17 20:04:37.628+0000 ERROR {plugin-com.neo4j.plugin.jwt.auth.JwtAuthPlugin} Invalid serialized unsecured/JWS/JWE object: Missing part delimiters
2022-03-17 20:04:37.628+0000 INFO  [neo4j]: logged in
2022-03-17 20:04:37.643+0000 INFO  {plugin-com.neo4j.plugin.jwt.auth.JwtAuthPlugin} Log in attempted for user 'neo4j'.
2022-03-17 20:04:37.643+0000 ERROR {plugin-com.neo4j.plugin.jwt.auth.JwtAuthPlugin} Invalid serialized unsecured/JWS/JWE object: Missing part delimiters
2022-03-17 20:04:37.644+0000 INFO  [neo4j]: logged in
2022-03-17 20:04:37.657+0000 INFO  {plugin-com.neo4j.plugin.jwt.auth.JwtAuthPlugin} Log in attempted for user 'neo4j'.
2022-03-17 20:04:37.657+0000 ERROR {plugin-com.neo4j.plugin.jwt.auth.JwtAuthPlugin} Invalid serialized unsecured/JWS/JWE object: Missing part delimiters
2022-03-17 20:04:37.657+0000 INFO  [neo4j]: logged in
2022-03-17 20:04:37.706+0000 INFO  {plugin-com.neo4j.plugin.jwt.auth.JwtAuthPlugin} Log in attempted for user 'neo4j'.
2022-03-17 20:04:37.706+0000 ERROR {plugin-com.neo4j.plugin.jwt.auth.JwtAuthPlugin} Invalid serialized unsecured/JWS/JWE object: Missing part delimiters
2022-03-17 20:04:37.707+0000 INFO  [neo4j]: logged in
2022-03-17 20:05:01.682+0000 INFO  {plugin-com.neo4j.plugin.jwt.auth.JwtAuthPlugin} Log in attempted for user 'neo4j'.
2022-03-17 20:05:01.682+0000 ERROR {plugin-com.neo4j.plugin.jwt.auth.JwtAuthPlugin} Invalid serialized unsecured/JWS/JWE object: Missing part delimiters
2022-03-17 20:05:01.682+0000 INFO  [neo4j]: logged in
2022-03-17 20:05:02.824+0000 INFO  {plugin-com.neo4j.plugin.jwt.auth.JwtAuthPlugin} Log in attempted for user 'neo4j'.
2022-03-17 20:05:02.824+0000 ERROR {plugin-com.neo4j.plugin.jwt.auth.JwtAuthPlugin} Invalid serialized unsecured/JWS/JWE object: Missing part delimiters
2022-03-17 20:05:02.824+0000 INFO  [neo4j]: logged in
2022-03-17 20:05:02.848+0000 INFO  {plugin-com.neo4j.plugin.jwt.auth.JwtAuthPlugin} Log in attempted for user 'neo4j'.
2022-03-17 20:05:02.848+0000 ERROR {plugin-com.neo4j.plugin.jwt.auth.JwtAuthPlugin} Invalid serialized unsecured/JWS/JWE object: Missing part delimiters
2022-03-17 20:05:02.848+0000 INFO  [neo4j]: logged in
2022-03-17 20:05:02.951+0000 INFO  {plugin-com.neo4j.plugin.jwt.auth.JwtAuthPlugin} Log in attempted for user 'neo4j'.
2022-03-17 20:05:02.952+0000 ERROR {plugin-com.neo4j.plugin.jwt.auth.JwtAuthPlugin} Invalid serialized unsecured/JWS/JWE object: Missing part delimiters
2022-03-17 20:05:02.952+0000 INFO  [neo4j]: logged in
2022-03-17 20:05:02.969+0000 INFO  {plugin-com.neo4j.plugin.jwt.auth.JwtAuthPlugin} Log in attempted for user 'neo4j'.
2022-03-17 20:05:02.969+0000 ERROR {plugin-com.neo4j.plugin.jwt.auth.JwtAuthPlugin} Invalid serialized unsecured/JWS/JWE object: Missing part delimiters
2022-03-17 20:05:02.970+0000 INFO  [neo4j]: logged in
2022-03-17 20:05:02.986+0000 INFO  {plugin-com.neo4j.plugin.jwt.auth.JwtAuthPlugin} Log in attempted for user 'neo4j'.
2022-03-17 20:05:02.986+0000 ERROR {plugin-com.neo4j.plugin.jwt.auth.JwtAuthPlugin} Invalid serialized unsecured/JWS/JWE object: Missing part delimiters
2022-03-17 20:05:02.986+0000 INFO  [neo4j]: logged in
2022-03-17 21:05:10.883+0000 INFO  {plugin-com.neo4j.plugin.jwt.auth.JwtAuthPlugin} Log in attempted for user 'neo4j'.
2022-03-17 21:05:10.884+0000 ERROR {plugin-com.neo4j.plugin.jwt.auth.JwtAuthPlugin} Invalid serialized unsecured/JWS/JWE object: Missing part delimiters
2022-03-17 21:05:10.887+0000 INFO  [neo4j]: logged in
2022-03-17 21:05:11.184+0000 INFO  {plugin-com.neo4j.plugin.jwt.auth.JwtAuthPlugin} Log in attempted for user 'neo4j'.
2022-03-17 21:05:11.184+0000 ERROR {plugin-com.neo4j.plugin.jwt.auth.JwtAuthPlugin} Invalid serialized unsecured/JWS/JWE object: Missing part delimiters
2022-03-17 21:05:11.184+0000 INFO  [neo4j]: logged in
2022-03-17 21:13:32.855+0000 INFO  {plugin-com.neo4j.plugin.jwt.auth.JwtAuthPlugin} Log in attempted for user 'neo4j'.
2022-03-17 21:13:32.855+0000 ERROR {plugin-com.neo4j.plugin.jwt.auth.JwtAuthPlugin} Invalid serialized unsecured/JWS/JWE object: Missing part delimiters
2022-03-17 21:13:32.856+0000 INFO  [neo4j]: logged in
2022-03-17 21:51:33.588+0000 INFO  {plugin-com.neo4j.plugin.jwt.auth.JwtAuthPlugin} Log in attempted for user 'neo4j'.
2022-03-17 21:51:33.588+0000 ERROR {plugin-com.neo4j.plugin.jwt.auth.JwtAuthPlugin} Invalid serialized unsecured/JWS/JWE object: Missing part delimiters
2022-03-17 21:51:33.589+0000 INFO  [neo4j]: logged in
2022-03-17 21:51:33.712+0000 INFO  {plugin-com.neo4j.plugin.jwt.auth.JwtAuthPlugin} Log in attempted for user 'neo4j'.
2022-03-17 21:51:33.712+0000 ERROR {plugin-com.neo4j.plugin.jwt.auth.JwtAuthPlugin} Invalid serialized unsecured/JWS/JWE object: Missing part delimiters
2022-03-17 21:51:33.712+0000 INFO  [neo4j]: logged in
2022-03-17 21:51:34.345+0000 INFO  {plugin-com.neo4j.plugin.jwt.auth.JwtAuthPlugin} Log in attempted for user 'neo4j'.
2022-03-17 21:51:34.346+0000 ERROR {plugin-com.neo4j.plugin.jwt.auth.JwtAuthPlugin} Invalid serialized unsecured/JWS/JWE object: Missing part delimiters
2022-03-17 21:51:34.346+0000 INFO  [neo4j]: logged in
2022-03-17 21:51:34.383+0000 INFO  {plugin-com.neo4j.plugin.jwt.auth.JwtAuthPlugin} Log in attempted for user 'neo4j'.
2022-03-17 21:51:34.383+0000 ERROR {plugin-com.neo4j.plugin.jwt.auth.JwtAuthPlugin} Invalid serialized unsecured/JWS/JWE object: Missing part delimiters
2022-03-17 21:51:34.383+0000 INFO  [neo4j]: logged in
2022-03-17 21:51:35.906+0000 INFO  {plugin-com.neo4j.plugin.jwt.auth.JwtAuthPlugin} Log in attempted for user 'neo4j'.
2022-03-17 21:51:35.927+0000 INFO  [neo4j]: logged in
